<?xml version="1.0" encoding="UTF-8"?>
<!-- Generated by org.testng.reporters.JUnitReportReporter -->
<testsuite skipped="5" hostname="WD20180403-01" name="OOPS.SE_Grid_Chrome" tests="8" failures="0" timestamp="30 Oct 2018 18:45:20 GMT" time="39.136" errors="0">
  <testcase name="test_one" time="7.943" classname="OOPS.SE_Grid_Chrome"/>
  <testcase name="test_two_Simple_Form_Demo" time="20.342" classname="OOPS.SE_Grid_Chrome"/>
  <testcase name="test_Drag_And_Drop" time="10.851" classname="OOPS.SE_Grid_Chrome"/>
  <testcase name="test_five_alert_pop_up" classname="OOPS.SE_Grid_Chrome">
    <skipped/>
  </testcase> <!-- test_five_alert_pop_up -->
  <testcase name="JQuery_Dual_List_Box" classname="OOPS.SE_Grid_Chrome">
    <skipped/>
  </testcase> <!-- JQuery_Dual_List_Box -->
  <testcase name="Exception_test" classname="OOPS.SE_Grid_Chrome">
    <skipped/>
  </testcase> <!-- Exception_test -->
  <testcase name="test_Bootstrap_Dual_List_Box" classname="OOPS.SE_Grid_Chrome">
    <skipped/>
  </testcase> <!-- test_Bootstrap_Dual_List_Box -->
  <testcase name="Test_three_Table_Sort_And_Search_Demo" classname="OOPS.SE_Grid_Chrome">
    <skipped/>
  </testcase> <!-- Test_three_Table_Sort_And_Search_Demo -->
</testsuite> <!-- OOPS.SE_Grid_Chrome -->
