<?xml version="1.0" encoding="UTF-8"?>
<!-- Generated by org.testng.reporters.JUnitReportReporter -->
<testsuite skipped="0" hostname="WD20180403-01" name="OOPS.LC_TBR_Chrome_Grid" tests="1" failures="0" timestamp="29 Oct 2018 21:50:45 GMT" time="34.389" errors="0">
  <testcase name="Chorme_Searching_Test" time="34.389" classname="OOPS.LC_TBR_Chrome_Grid"/>
</testsuite> <!-- OOPS.LC_TBR_Chrome_Grid -->
