<?xml version="1.0" encoding="UTF-8"?>
<!-- Generated by org.testng.reporters.JUnitReportReporter -->
<testsuite skipped="6" hostname="WD20180403-01" name="Hub_Server.Chrome_Hub_Server" tests="8" failures="0" timestamp="31 Oct 2018 18:09:49 GMT" time="75.454" errors="0">
  <testcase name="test_two_Simple_Form_Demo" time="38.668" classname="Hub_Server.Chrome_Hub_Server"/>
  <testcase name="test_Drag_And_Drop" time="36.786" classname="Hub_Server.Chrome_Hub_Server"/>
  <testcase name="Test_three_Table_Sort_And_Search_Demo" classname="Hub_Server.Chrome_Hub_Server">
    <skipped/>
  </testcase> <!-- Test_three_Table_Sort_And_Search_Demo -->
  <testcase name="test_one" classname="Hub_Server.Chrome_Hub_Server">
    <skipped/>
  </testcase> <!-- test_one -->
  <testcase name="test_Bootstrap_Dual_List_Box" classname="Hub_Server.Chrome_Hub_Server">
    <skipped/>
  </testcase> <!-- test_Bootstrap_Dual_List_Box -->
  <testcase name="Exception_test" classname="Hub_Server.Chrome_Hub_Server">
    <skipped/>
  </testcase> <!-- Exception_test -->
  <testcase name="test_five_alert_pop_up" classname="Hub_Server.Chrome_Hub_Server">
    <skipped/>
  </testcase> <!-- test_five_alert_pop_up -->
  <testcase name="JQuery_Dual_List_Box" classname="Hub_Server.Chrome_Hub_Server">
    <skipped/>
  </testcase> <!-- JQuery_Dual_List_Box -->
</testsuite> <!-- Hub_Server.Chrome_Hub_Server -->
