<?xml version="1.0" encoding="UTF-8"?>
<!-- Generated by org.testng.reporters.JUnitReportReporter -->
<testsuite skipped="6" hostname="WD20180403-01" name="practices.browserTestNG_Grid" tests="8" failures="0" timestamp="30 Oct 2018 18:06:08 GMT" time="21.717" errors="0">
  <testcase name="test_one" time="7.786" classname="practices.browserTestNG_Grid"/>
  <testcase name="test_Drag_And_Drop" time="13.931" classname="practices.browserTestNG_Grid"/>
  <testcase name="Test_three_Table_Sort_And_Search_Demo" classname="practices.browserTestNG_Grid">
    <skipped/>
  </testcase> <!-- Test_three_Table_Sort_And_Search_Demo -->
  <testcase name="JQuery_Dual_List_Box" classname="practices.browserTestNG_Grid">
    <skipped/>
  </testcase> <!-- JQuery_Dual_List_Box -->
  <testcase name="test_Bootstrap_Dual_List_Box" classname="practices.browserTestNG_Grid">
    <skipped/>
  </testcase> <!-- test_Bootstrap_Dual_List_Box -->
  <testcase name="test_two_Simple_Form_Demo" classname="practices.browserTestNG_Grid">
    <skipped/>
  </testcase> <!-- test_two_Simple_Form_Demo -->
  <testcase name="Exception_test" classname="practices.browserTestNG_Grid">
    <skipped/>
  </testcase> <!-- Exception_test -->
  <testcase name="test_five_alert_pop_up" classname="practices.browserTestNG_Grid">
    <skipped/>
  </testcase> <!-- test_five_alert_pop_up -->
</testsuite> <!-- practices.browserTestNG_Grid -->
