<?xml version="1.0" encoding="UTF-8"?>
<!-- Generated by org.testng.reporters.JUnitReportReporter -->
<testsuite skipped="1" hostname="WD20180403-01" name="practices.browserTestNG" tests="8" failures="0" timestamp="24 Oct 2018 22:00:36 GMT" time="499.991" errors="0">
  <testcase name="test_one" time="10.588" classname="practices.browserTestNG"/>
  <testcase name="test_two_Simple_Form_Demo" time="93.554" classname="practices.browserTestNG"/>
  <testcase name="Test_three_Table_Sort_And_Search_Demo" time="148.666" classname="practices.browserTestNG"/>
  <testcase name="test_five_alert_pop_up" time="75.505" classname="practices.browserTestNG"/>
  <testcase name="test_Bootstrap_Dual_List_Box" time="114.849" classname="practices.browserTestNG"/>
  <testcase name="test_Drag_And_Drop" time="46.584" classname="practices.browserTestNG"/>
  <testcase name="Exception_test" time="10.245" classname="practices.browserTestNG"/>
  <testcase name="JQuery_Dual_List_Box" classname="practices.browserTestNG">
    <skipped/>
  </testcase> <!-- JQuery_Dual_List_Box -->
</testsuite> <!-- practices.browserTestNG -->
