<?xml version="1.0" encoding="UTF-8"?>
<!-- Generated by org.testng.reporters.JUnitReportReporter -->
<testsuite skipped="5" hostname="WD20180403-01" name="Node_Remote.Chrome_Node_Grid" tests="8" failures="0" timestamp="30 Oct 2018 18:54:41 GMT" time="42.228" errors="0">
  <testcase name="test_one" time="6.852" classname="Node_Remote.Chrome_Node_Grid"/>
  <testcase name="test_two_Simple_Form_Demo" time="22.081" classname="Node_Remote.Chrome_Node_Grid"/>
  <testcase name="test_Drag_And_Drop" time="13.295" classname="Node_Remote.Chrome_Node_Grid"/>
  <testcase name="Test_three_Table_Sort_And_Search_Demo" classname="Node_Remote.Chrome_Node_Grid">
    <skipped/>
  </testcase> <!-- Test_three_Table_Sort_And_Search_Demo -->
  <testcase name="test_Bootstrap_Dual_List_Box" classname="Node_Remote.Chrome_Node_Grid">
    <skipped/>
  </testcase> <!-- test_Bootstrap_Dual_List_Box -->
  <testcase name="Exception_test" classname="Node_Remote.Chrome_Node_Grid">
    <skipped/>
  </testcase> <!-- Exception_test -->
  <testcase name="test_five_alert_pop_up" classname="Node_Remote.Chrome_Node_Grid">
    <skipped/>
  </testcase> <!-- test_five_alert_pop_up -->
  <testcase name="JQuery_Dual_List_Box" classname="Node_Remote.Chrome_Node_Grid">
    <skipped/>
  </testcase> <!-- JQuery_Dual_List_Box -->
</testsuite> <!-- Node_Remote.Chrome_Node_Grid -->
